<?xml version="1.0" encoding="UTF-8"?>
<testsuite xmlns:xsi="http://www.w3.org/2001/XMLSchema-instance" xsi:noNamespaceSchemaLocation="https://maven.apache.org/surefire/maven-surefire-plugin/xsd/surefire-test-report.xsd" name="DataSourceTest" time="0.965" tests="7" errors="0" skipped="0" failures="0">
  <properties>
[...]
</properties>
  <testcase name="openConnection" classname="DataSourceTest" time="0.048"/>
  <testcase name="delete" classname="DataSourceTest" time="0.006"/>
  <testcase name="update" classname="DataSourceTest" time="0.004"/>
  <testcase name="updateNonExisting" classname="DataSourceTest" time="0.004"/>
  <testcase name="insertBooks" classname="DataSourceTest" time="0.004"/>
  <testcase name="deleteNonExisting" classname="DataSourceTest" time="0.002"/>
  <testcase name="insertBook" classname="DataSourceTest" time="0.002"/>
</testsuite>